{"level":"warn","ts":"2024-08-07T05:13:29.524Z","caller":"server/config.go:331","msg":"WARNING: insecure default parameter value, change this for production!","param":"console.signing_key"}
{"level":"warn","ts":"2024-08-07T05:13:29.524Z","caller":"server/config.go:339","msg":"WARNING: insecure default parameter value, change this for production!","param":"session.encryption_key"}
{"level":"warn","ts":"2024-08-07T05:13:29.524Z","caller":"server/config.go:343","msg":"WARNING: insecure default parameter value, change this for production!","param":"session.refresh_encryption_key"}
{"level":"warn","ts":"2024-08-07T05:13:29.525Z","caller":"server/config.go:347","msg":"WARNING: insecure default parameter value, change this for production!","param":"runtime.http_key"}
{"level":"warn","ts":"2024-08-07T17:17:51.023Z","caller":"server/config.go:331","msg":"WARNING: insecure default parameter value, change this for production!","param":"console.signing_key"}
{"level":"warn","ts":"2024-08-07T17:17:51.023Z","caller":"server/config.go:339","msg":"WARNING: insecure default parameter value, change this for production!","param":"session.encryption_key"}
{"level":"warn","ts":"2024-08-07T17:17:51.023Z","caller":"server/config.go:343","msg":"WARNING: insecure default parameter value, change this for production!","param":"session.refresh_encryption_key"}
{"level":"warn","ts":"2024-08-07T17:17:51.023Z","caller":"server/config.go:347","msg":"WARNING: insecure default parameter value, change this for production!","param":"runtime.http_key"}
{"level":"warn","ts":"2024-08-07T17:18:05.753Z","caller":"server/config.go:331","msg":"WARNING: insecure default parameter value, change this for production!","param":"console.signing_key"}
{"level":"warn","ts":"2024-08-07T17:18:05.753Z","caller":"server/config.go:339","msg":"WARNING: insecure default parameter value, change this for production!","param":"session.encryption_key"}
{"level":"warn","ts":"2024-08-07T17:18:05.753Z","caller":"server/config.go:343","msg":"WARNING: insecure default parameter value, change this for production!","param":"session.refresh_encryption_key"}
{"level":"warn","ts":"2024-08-07T17:18:05.753Z","caller":"server/config.go:347","msg":"WARNING: insecure default parameter value, change this for production!","param":"runtime.http_key"}
{"level":"error","ts":"2024-08-07T19:56:31.811Z","caller":"server/console_authenticate.go:139","msg":"Failed to parse the session token.","error":"Token is expired"}
{"level":"error","ts":"2024-08-07T19:56:31.811Z","caller":"server/console_authenticate.go:143","msg":"Invalid token.","error":"Token is expired"}
{"level":"error","ts":"2024-08-07T20:55:16.871Z","caller":"server/console_account.go:733","msg":"Could not update user account.","error":"ERROR: duplicate key value violates unique constraint \"users_email_key\" (SQLSTATE 23505)","input":"id:\"6475b51d-9e49-4f4b-ae87-115dbd0a1ac5\"  email:{value:\"test@test.com\"}"}
{"level":"error","ts":"2024-08-07T20:55:16.872Z","caller":"server/console_account.go:820","msg":"Error updating user.","error":"ERROR: duplicate key value violates unique constraint \"users_email_key\" (SQLSTATE 23505)"}
{"level":"error","ts":"2024-08-07T20:55:18.362Z","caller":"server/console_account.go:733","msg":"Could not update user account.","error":"ERROR: duplicate key value violates unique constraint \"users_email_key\" (SQLSTATE 23505)","input":"id:\"6475b51d-9e49-4f4b-ae87-115dbd0a1ac5\"  email:{value:\"test@test.com\"}"}
{"level":"error","ts":"2024-08-07T20:55:18.362Z","caller":"server/console_account.go:820","msg":"Error updating user.","error":"ERROR: duplicate key value violates unique constraint \"users_email_key\" (SQLSTATE 23505)"}
{"level":"warn","ts":"2024-08-08T00:44:38.216Z","caller":"server/config.go:331","msg":"WARNING: insecure default parameter value, change this for production!","param":"console.signing_key"}
{"level":"warn","ts":"2024-08-08T00:44:38.216Z","caller":"server/config.go:339","msg":"WARNING: insecure default parameter value, change this for production!","param":"session.encryption_key"}
{"level":"warn","ts":"2024-08-08T00:44:38.216Z","caller":"server/config.go:343","msg":"WARNING: insecure default parameter value, change this for production!","param":"session.refresh_encryption_key"}
{"level":"warn","ts":"2024-08-08T00:44:38.217Z","caller":"server/config.go:347","msg":"WARNING: insecure default parameter value, change this for production!","param":"runtime.http_key"}
{"level":"warn","ts":"2024-08-08T01:08:29.447Z","caller":"server/config.go:331","msg":"WARNING: insecure default parameter value, change this for production!","param":"console.signing_key"}
{"level":"warn","ts":"2024-08-08T01:08:29.447Z","caller":"server/config.go:339","msg":"WARNING: insecure default parameter value, change this for production!","param":"session.encryption_key"}
{"level":"warn","ts":"2024-08-08T01:08:29.448Z","caller":"server/config.go:343","msg":"WARNING: insecure default parameter value, change this for production!","param":"session.refresh_encryption_key"}
{"level":"warn","ts":"2024-08-08T01:08:29.448Z","caller":"server/config.go:347","msg":"WARNING: insecure default parameter value, change this for production!","param":"runtime.http_key"}
{"level":"warn","ts":"2024-08-08T01:19:58.908Z","caller":"server/config.go:331","msg":"WARNING: insecure default parameter value, change this for production!","param":"console.signing_key"}
{"level":"warn","ts":"2024-08-08T01:19:58.908Z","caller":"server/config.go:339","msg":"WARNING: insecure default parameter value, change this for production!","param":"session.encryption_key"}
{"level":"warn","ts":"2024-08-08T01:19:58.908Z","caller":"server/config.go:343","msg":"WARNING: insecure default parameter value, change this for production!","param":"session.refresh_encryption_key"}
{"level":"warn","ts":"2024-08-08T01:19:58.909Z","caller":"server/config.go:347","msg":"WARNING: insecure default parameter value, change this for production!","param":"runtime.http_key"}
{"level":"warn","ts":"2024-08-08T01:20:56.239Z","caller":"server/config.go:331","msg":"WARNING: insecure default parameter value, change this for production!","param":"console.signing_key"}
{"level":"warn","ts":"2024-08-08T01:20:56.239Z","caller":"server/config.go:339","msg":"WARNING: insecure default parameter value, change this for production!","param":"session.encryption_key"}
{"level":"warn","ts":"2024-08-08T01:20:56.239Z","caller":"server/config.go:343","msg":"WARNING: insecure default parameter value, change this for production!","param":"session.refresh_encryption_key"}
{"level":"warn","ts":"2024-08-08T01:20:56.239Z","caller":"server/config.go:347","msg":"WARNING: insecure default parameter value, change this for production!","param":"runtime.http_key"}
{"level":"warn","ts":"2024-08-08T16:37:23.773Z","caller":"server/config.go:331","msg":"WARNING: insecure default parameter value, change this for production!","param":"console.signing_key"}
{"level":"warn","ts":"2024-08-08T16:37:23.773Z","caller":"server/config.go:339","msg":"WARNING: insecure default parameter value, change this for production!","param":"session.encryption_key"}
{"level":"warn","ts":"2024-08-08T16:37:23.773Z","caller":"server/config.go:343","msg":"WARNING: insecure default parameter value, change this for production!","param":"session.refresh_encryption_key"}
{"level":"warn","ts":"2024-08-08T16:37:23.773Z","caller":"server/config.go:347","msg":"WARNING: insecure default parameter value, change this for production!","param":"runtime.http_key"}
{"level":"error","ts":"2024-08-08T16:45:15.036Z","caller":"rpc/match.go:25","msg":"Error marshalling response type to JSON: unexpected end of JSON input","runtime":"go","rpc_id":"create_standard_match","source":"github.com/werydude/graven-server/internal/rpc/match.go:25"}
{"level":"warn","ts":"2024-08-08T17:16:31.168Z","caller":"server/session_ws.go:240","msg":"Received malformed payload","uid":"643ef607-b089-4336-bd14-bcd9c30373d6","sid":"f480828f-55a9-11ef-89d3-e0ff436be194","data":"eyJjaWQiOiIxIiwibWF0Y2hfam9pbiI6eyJtYXRjaF9pZCI6IjAyNzQwZDEyLWI2YzItNDRjYy04YjRkLTYxMmY0YWU3MmQ5Zi5teW5hbWVoZXJlIiwibWV0YWRhdGEiOiJ7fSJ9fQ=="}
{"level":"warn","ts":"2024-08-08T17:17:13.875Z","caller":"server/session_ws.go:240","msg":"Received malformed payload","uid":"643ef607-b089-4336-bd14-bcd9c30373d6","sid":"0df536bf-55aa-11ef-89d3-e0ff436be194","data":"eyJjaWQiOiIxIiwibWF0Y2hfam9pbiI6eyJtYXRjaF9pZCI6IjAyNzQwZDEyLWI2YzItNDRjYy04YjRkLTYxMmY0YWU3MmQ5Zi5teW5hbWVoZXJlIiwibWV0YWRhdGEiOiJ7fSJ9fQ=="}
{"level":"error","ts":"2024-08-08T19:07:31.129Z","caller":"rpc/match.go:25","msg":"Error marshalling response type to JSON: unexpected end of JSON input","runtime":"go","rpc_id":"create_standard_match","source":"github.com/werydude/graven-server/internal/rpc/match.go:25"}
{"level":"warn","ts":"2024-08-08T19:34:02.238Z","caller":"server/config.go:331","msg":"WARNING: insecure default parameter value, change this for production!","param":"console.signing_key"}
{"level":"warn","ts":"2024-08-08T19:34:02.238Z","caller":"server/config.go:339","msg":"WARNING: insecure default parameter value, change this for production!","param":"session.encryption_key"}
{"level":"warn","ts":"2024-08-08T19:34:02.238Z","caller":"server/config.go:343","msg":"WARNING: insecure default parameter value, change this for production!","param":"session.refresh_encryption_key"}
{"level":"warn","ts":"2024-08-08T19:34:02.239Z","caller":"server/config.go:347","msg":"WARNING: insecure default parameter value, change this for production!","param":"runtime.http_key"}
{"level":"warn","ts":"2024-08-08T19:35:57.834Z","caller":"server/config.go:331","msg":"WARNING: insecure default parameter value, change this for production!","param":"console.signing_key"}
{"level":"warn","ts":"2024-08-08T19:35:57.835Z","caller":"server/config.go:339","msg":"WARNING: insecure default parameter value, change this for production!","param":"session.encryption_key"}
{"level":"warn","ts":"2024-08-08T19:35:57.835Z","caller":"server/config.go:343","msg":"WARNING: insecure default parameter value, change this for production!","param":"session.refresh_encryption_key"}
{"level":"warn","ts":"2024-08-08T19:35:57.835Z","caller":"server/config.go:347","msg":"WARNING: insecure default parameter value, change this for production!","param":"runtime.http_key"}
{"level":"warn","ts":"2024-08-08T19:36:00.663Z","caller":"server/config.go:331","msg":"WARNING: insecure default parameter value, change this for production!","param":"console.signing_key"}
{"level":"warn","ts":"2024-08-08T19:36:00.663Z","caller":"server/config.go:339","msg":"WARNING: insecure default parameter value, change this for production!","param":"session.encryption_key"}
{"level":"warn","ts":"2024-08-08T19:36:00.663Z","caller":"server/config.go:343","msg":"WARNING: insecure default parameter value, change this for production!","param":"session.refresh_encryption_key"}
{"level":"warn","ts":"2024-08-08T19:36:00.663Z","caller":"server/config.go:347","msg":"WARNING: insecure default parameter value, change this for production!","param":"runtime.http_key"}
{"level":"warn","ts":"2024-08-08T19:37:48.040Z","caller":"server/config.go:331","msg":"WARNING: insecure default parameter value, change this for production!","param":"console.signing_key"}
{"level":"warn","ts":"2024-08-08T19:37:48.041Z","caller":"server/config.go:339","msg":"WARNING: insecure default parameter value, change this for production!","param":"session.encryption_key"}
{"level":"warn","ts":"2024-08-08T19:37:48.041Z","caller":"server/config.go:343","msg":"WARNING: insecure default parameter value, change this for production!","param":"session.refresh_encryption_key"}
{"level":"warn","ts":"2024-08-08T19:37:48.041Z","caller":"server/config.go:347","msg":"WARNING: insecure default parameter value, change this for production!","param":"runtime.http_key"}
{"level":"warn","ts":"2024-08-08T19:50:23.102Z","caller":"server/config.go:331","msg":"WARNING: insecure default parameter value, change this for production!","param":"console.signing_key"}
{"level":"warn","ts":"2024-08-08T19:50:23.102Z","caller":"server/config.go:339","msg":"WARNING: insecure default parameter value, change this for production!","param":"session.encryption_key"}
{"level":"warn","ts":"2024-08-08T19:50:23.102Z","caller":"server/config.go:343","msg":"WARNING: insecure default parameter value, change this for production!","param":"session.refresh_encryption_key"}
{"level":"warn","ts":"2024-08-08T19:50:23.102Z","caller":"server/config.go:347","msg":"WARNING: insecure default parameter value, change this for production!","param":"runtime.http_key"}
{"level":"error","ts":"2024-08-08T19:59:44.823Z","caller":"server/console_authenticate.go:139","msg":"Failed to parse the session token.","error":"Token is expired"}
{"level":"error","ts":"2024-08-08T19:59:44.823Z","caller":"server/console_authenticate.go:143","msg":"Invalid token.","error":"Token is expired"}
{"level":"error","ts":"2024-08-08T19:59:44.825Z","caller":"server/console_authenticate.go:139","msg":"Failed to parse the session token.","error":"Token is expired"}
{"level":"error","ts":"2024-08-08T19:59:44.826Z","caller":"server/console_authenticate.go:143","msg":"Invalid token.","error":"Token is expired"}
{"level":"warn","ts":"2024-08-08T20:01:12.823Z","caller":"server/config.go:331","msg":"WARNING: insecure default parameter value, change this for production!","param":"console.signing_key"}
{"level":"warn","ts":"2024-08-08T20:01:12.823Z","caller":"server/config.go:339","msg":"WARNING: insecure default parameter value, change this for production!","param":"session.encryption_key"}
{"level":"warn","ts":"2024-08-08T20:01:12.823Z","caller":"server/config.go:343","msg":"WARNING: insecure default parameter value, change this for production!","param":"session.refresh_encryption_key"}
{"level":"warn","ts":"2024-08-08T20:01:12.824Z","caller":"server/config.go:347","msg":"WARNING: insecure default parameter value, change this for production!","param":"runtime.http_key"}
{"level":"warn","ts":"2024-08-08T22:04:16.107Z","caller":"server/session_ws.go:240","msg":"Received malformed payload","uid":"643ef607-b089-4336-bd14-bcd9c30373d6","sid":"27350ea2-55d2-11ef-b8a6-e0ff436be194","data":"eyJjaWQiOiIyIiwibWF0Y2hfam9pbiI6eyJtYXRjaF9pZCI6IjJlNTM5Mzk4LTdkNTMtNDZlZC1hNTZkLTMxM2RiMTQ0Y2Q4Ni5teW5hbWVoZXJlIiwibWV0YWRhdGEiOiJ7XCJkZWNrX2NvZGVcIjpcIk1qbzJPakV6T2pFMlFFQkFRRFV4T2pZNU9qYzRPalUwT2pnNE9qSTRPak0zXCJ9In19"}
{"level":"warn","ts":"2024-08-08T22:05:37.980Z","caller":"server/session_ws.go:240","msg":"Received malformed payload","uid":"643ef607-b089-4336-bd14-bcd9c30373d6","sid":"5801e1d8-55d2-11ef-b8a6-e0ff436be194","data":"eyJjaWQiOiIyIiwibWF0Y2hfam9pbiI6eyJtYXRjaF9pZCI6IjhlMjVjMGFmLTkxZTAtNDgwMC04YTQyLTM3MDljMzc0YmM4Yi5teW5hbWVoZXJlIiwibWV0YWRhdGEiOiJ7XCJkZWNrX2NvZGVcIjpcIk1qbzJPakV6T2pFMlFFQkFRRFV4T2pZNU9qYzRPalUwT2pnNE9qSTRPak0zXCJ9In19"}
{"level":"warn","ts":"2024-08-08T22:08:19.602Z","caller":"server/session_ws.go:240","msg":"Received malformed payload","uid":"643ef607-b089-4336-bd14-bcd9c30373d6","sid":"b8571485-55d2-11ef-b8a6-e0ff436be194","data":"eyJjaWQiOiIyIiwibWF0Y2hfam9pbiI6eyJtYXRjaF9pZCI6IjcwZDdmN2UzLTQ5N2QtNGI5OC1hY2ZmLTQ4NTUyZWZlZDRjNi5teW5hbWVoZXJlIiwibWV0YWRhdGEiOiJ7XCJkZWNrX2NvZGVcIjpcIk1qbzJPakV6T2pFMlFFQkFRRFV4T2pZNU9qYzRPalUwT2pnNE9qSTRPak0zXCJ9In19"}
{"level":"warn","ts":"2024-08-08T22:35:57.024Z","caller":"server/config.go:331","msg":"WARNING: insecure default parameter value, change this for production!","param":"console.signing_key"}
{"level":"warn","ts":"2024-08-08T22:35:57.025Z","caller":"server/config.go:339","msg":"WARNING: insecure default parameter value, change this for production!","param":"session.encryption_key"}
{"level":"warn","ts":"2024-08-08T22:35:57.025Z","caller":"server/config.go:343","msg":"WARNING: insecure default parameter value, change this for production!","param":"session.refresh_encryption_key"}
{"level":"warn","ts":"2024-08-08T22:35:57.025Z","caller":"server/config.go:347","msg":"WARNING: insecure default parameter value, change this for production!","param":"runtime.http_key"}
{"level":"warn","ts":"2024-08-08T22:37:30.049Z","caller":"server/config.go:331","msg":"WARNING: insecure default parameter value, change this for production!","param":"console.signing_key"}
{"level":"warn","ts":"2024-08-08T22:37:30.049Z","caller":"server/config.go:339","msg":"WARNING: insecure default parameter value, change this for production!","param":"session.encryption_key"}
{"level":"warn","ts":"2024-08-08T22:37:30.049Z","caller":"server/config.go:343","msg":"WARNING: insecure default parameter value, change this for production!","param":"session.refresh_encryption_key"}
{"level":"warn","ts":"2024-08-08T22:37:30.050Z","caller":"server/config.go:347","msg":"WARNING: insecure default parameter value, change this for production!","param":"runtime.http_key"}
{"level":"warn","ts":"2024-08-08T22:39:29.984Z","caller":"server/config.go:331","msg":"WARNING: insecure default parameter value, change this for production!","param":"console.signing_key"}
{"level":"warn","ts":"2024-08-08T22:39:29.984Z","caller":"server/config.go:339","msg":"WARNING: insecure default parameter value, change this for production!","param":"session.encryption_key"}
{"level":"warn","ts":"2024-08-08T22:39:29.984Z","caller":"server/config.go:343","msg":"WARNING: insecure default parameter value, change this for production!","param":"session.refresh_encryption_key"}
{"level":"warn","ts":"2024-08-08T22:39:29.984Z","caller":"server/config.go:347","msg":"WARNING: insecure default parameter value, change this for production!","param":"runtime.http_key"}
{"level":"warn","ts":"2024-08-08T22:40:53.233Z","caller":"server/config.go:331","msg":"WARNING: insecure default parameter value, change this for production!","param":"console.signing_key"}
{"level":"warn","ts":"2024-08-08T22:40:53.233Z","caller":"server/config.go:339","msg":"WARNING: insecure default parameter value, change this for production!","param":"session.encryption_key"}
{"level":"warn","ts":"2024-08-08T22:40:53.233Z","caller":"server/config.go:343","msg":"WARNING: insecure default parameter value, change this for production!","param":"session.refresh_encryption_key"}
{"level":"warn","ts":"2024-08-08T22:40:53.233Z","caller":"server/config.go:347","msg":"WARNING: insecure default parameter value, change this for production!","param":"runtime.http_key"}
{"level":"warn","ts":"2024-08-08T22:41:55.389Z","caller":"server/config.go:331","msg":"WARNING: insecure default parameter value, change this for production!","param":"console.signing_key"}
{"level":"warn","ts":"2024-08-08T22:41:55.389Z","caller":"server/config.go:339","msg":"WARNING: insecure default parameter value, change this for production!","param":"session.encryption_key"}
{"level":"warn","ts":"2024-08-08T22:41:55.389Z","caller":"server/config.go:343","msg":"WARNING: insecure default parameter value, change this for production!","param":"session.refresh_encryption_key"}
{"level":"warn","ts":"2024-08-08T22:41:55.389Z","caller":"server/config.go:347","msg":"WARNING: insecure default parameter value, change this for production!","param":"runtime.http_key"}
{"level":"warn","ts":"2024-08-08T22:42:31.325Z","caller":"server/config.go:331","msg":"WARNING: insecure default parameter value, change this for production!","param":"console.signing_key"}
{"level":"warn","ts":"2024-08-08T22:42:31.326Z","caller":"server/config.go:339","msg":"WARNING: insecure default parameter value, change this for production!","param":"session.encryption_key"}
{"level":"warn","ts":"2024-08-08T22:42:31.326Z","caller":"server/config.go:343","msg":"WARNING: insecure default parameter value, change this for production!","param":"session.refresh_encryption_key"}
{"level":"warn","ts":"2024-08-08T22:42:31.326Z","caller":"server/config.go:347","msg":"WARNING: insecure default parameter value, change this for production!","param":"runtime.http_key"}
{"level":"warn","ts":"2024-08-08T22:42:36.084Z","caller":"server/config.go:331","msg":"WARNING: insecure default parameter value, change this for production!","param":"console.signing_key"}
{"level":"warn","ts":"2024-08-08T22:42:36.084Z","caller":"server/config.go:339","msg":"WARNING: insecure default parameter value, change this for production!","param":"session.encryption_key"}
{"level":"warn","ts":"2024-08-08T22:42:36.084Z","caller":"server/config.go:343","msg":"WARNING: insecure default parameter value, change this for production!","param":"session.refresh_encryption_key"}
{"level":"warn","ts":"2024-08-08T22:42:36.084Z","caller":"server/config.go:347","msg":"WARNING: insecure default parameter value, change this for production!","param":"runtime.http_key"}
{"level":"warn","ts":"2024-08-08T22:45:23.433Z","caller":"server/config.go:331","msg":"WARNING: insecure default parameter value, change this for production!","param":"console.signing_key"}
{"level":"warn","ts":"2024-08-08T22:45:23.433Z","caller":"server/config.go:339","msg":"WARNING: insecure default parameter value, change this for production!","param":"session.encryption_key"}
{"level":"warn","ts":"2024-08-08T22:45:23.433Z","caller":"server/config.go:343","msg":"WARNING: insecure default parameter value, change this for production!","param":"session.refresh_encryption_key"}
{"level":"warn","ts":"2024-08-08T22:45:23.433Z","caller":"server/config.go:347","msg":"WARNING: insecure default parameter value, change this for production!","param":"runtime.http_key"}
{"level":"warn","ts":"2024-08-08T22:48:24.635Z","caller":"server/config.go:331","msg":"WARNING: insecure default parameter value, change this for production!","param":"console.signing_key"}
{"level":"warn","ts":"2024-08-08T22:48:24.635Z","caller":"server/config.go:339","msg":"WARNING: insecure default parameter value, change this for production!","param":"session.encryption_key"}
{"level":"warn","ts":"2024-08-08T22:48:24.635Z","caller":"server/config.go:343","msg":"WARNING: insecure default parameter value, change this for production!","param":"session.refresh_encryption_key"}
{"level":"warn","ts":"2024-08-08T22:48:24.635Z","caller":"server/config.go:347","msg":"WARNING: insecure default parameter value, change this for production!","param":"runtime.http_key"}
{"level":"warn","ts":"2024-08-08T22:48:31.160Z","caller":"server/config.go:331","msg":"WARNING: insecure default parameter value, change this for production!","param":"console.signing_key"}
{"level":"warn","ts":"2024-08-08T22:48:31.161Z","caller":"server/config.go:339","msg":"WARNING: insecure default parameter value, change this for production!","param":"session.encryption_key"}
{"level":"warn","ts":"2024-08-08T22:48:31.161Z","caller":"server/config.go:343","msg":"WARNING: insecure default parameter value, change this for production!","param":"session.refresh_encryption_key"}
{"level":"warn","ts":"2024-08-08T22:48:31.161Z","caller":"server/config.go:347","msg":"WARNING: insecure default parameter value, change this for production!","param":"runtime.http_key"}
{"level":"warn","ts":"2024-08-08T22:48:37.234Z","caller":"server/config.go:331","msg":"WARNING: insecure default parameter value, change this for production!","param":"console.signing_key"}
{"level":"warn","ts":"2024-08-08T22:48:37.234Z","caller":"server/config.go:339","msg":"WARNING: insecure default parameter value, change this for production!","param":"session.encryption_key"}
{"level":"warn","ts":"2024-08-08T22:48:37.234Z","caller":"server/config.go:343","msg":"WARNING: insecure default parameter value, change this for production!","param":"session.refresh_encryption_key"}
{"level":"warn","ts":"2024-08-08T22:48:37.235Z","caller":"server/config.go:347","msg":"WARNING: insecure default parameter value, change this for production!","param":"runtime.http_key"}
{"level":"warn","ts":"2024-08-08T22:48:45.842Z","caller":"server/config.go:331","msg":"WARNING: insecure default parameter value, change this for production!","param":"console.signing_key"}
{"level":"warn","ts":"2024-08-08T22:48:45.842Z","caller":"server/config.go:339","msg":"WARNING: insecure default parameter value, change this for production!","param":"session.encryption_key"}
{"level":"warn","ts":"2024-08-08T22:48:45.842Z","caller":"server/config.go:343","msg":"WARNING: insecure default parameter value, change this for production!","param":"session.refresh_encryption_key"}
{"level":"warn","ts":"2024-08-08T22:48:45.842Z","caller":"server/config.go:347","msg":"WARNING: insecure default parameter value, change this for production!","param":"runtime.http_key"}
{"level":"warn","ts":"2024-08-08T22:48:56.643Z","caller":"match/handler.go:79","msg":"HI!","mid":"533027fe-d1a5-409b-bb21-faa914a27416","runtime":"go","source":"github.com/werydude/graven-server/internal/match/handler.go:79"}
{"level":"warn","ts":"2024-08-08T22:49:36.641Z","caller":"server/config.go:331","msg":"WARNING: insecure default parameter value, change this for production!","param":"console.signing_key"}
{"level":"warn","ts":"2024-08-08T22:49:36.642Z","caller":"server/config.go:339","msg":"WARNING: insecure default parameter value, change this for production!","param":"session.encryption_key"}
{"level":"warn","ts":"2024-08-08T22:49:36.642Z","caller":"server/config.go:343","msg":"WARNING: insecure default parameter value, change this for production!","param":"session.refresh_encryption_key"}
{"level":"warn","ts":"2024-08-08T22:49:36.642Z","caller":"server/config.go:347","msg":"WARNING: insecure default parameter value, change this for production!","param":"runtime.http_key"}
{"level":"info","ts":"2024-08-08T22:49:36.642Z","caller":"main.go:136","msg":"Nakama starting"}
{"level":"info","ts":"2024-08-08T22:49:36.642Z","caller":"main.go:137","msg":"Node","name":"mynamehere","version":"3.23.0+1811efb0","runtime":"go1.22.5","cpu":32,"proc":32}
{"level":"info","ts":"2024-08-08T22:49:36.642Z","caller":"main.go:138","msg":"Data directory","path":"./data/"}
{"level":"info","ts":"2024-08-08T22:49:36.642Z","caller":"main.go:149","msg":"Database connections","dsns":["root@cockroachdb:26257"]}
{"level":"info","ts":"2024-08-08T22:49:36.645Z","caller":"server/db.go:140","msg":"Database information","version":"CockroachDB CCL v24.1.3 (x86_64-pc-linux-gnu, built 2024/08/01 11:50:03, go1.22.5 X:nocoverageredesign)"}
{"level":"info","ts":"2024-08-08T22:49:36.648Z","caller":"server/metrics.go:178","msg":"Starting Prometheus server for metrics requests","port":9100}
{"level":"info","ts":"2024-08-08T22:49:36.651Z","caller":"server/leaderboard_rank_cache.go:140","msg":"Initializing leaderboard rank cache"}
{"level":"info","ts":"2024-08-08T22:49:36.651Z","caller":"server/runtime.go:646","msg":"Initialising runtime","path":"data/modules"}
{"level":"info","ts":"2024-08-08T22:49:36.651Z","caller":"server/leaderboard_rank_cache.go:201","msg":"Leaderboard rank cache initialization completed successfully","cached":[],"skipped":[],"duration":"131.661µs"}
{"level":"info","ts":"2024-08-08T22:49:36.654Z","caller":"server/runtime.go:653","msg":"Initialising runtime event queue processor"}
{"level":"info","ts":"2024-08-08T22:49:36.654Z","caller":"server/runtime.go:655","msg":"Runtime event queue processor started","size":65536,"workers":8}
{"level":"info","ts":"2024-08-08T22:49:36.654Z","caller":"server/runtime_go.go:2794","msg":"Initialising Go runtime provider","path":"data/modules"}
{"level":"info","ts":"2024-08-08T22:49:36.771Z","caller":"graven-server/main.go:68","msg":"Hello Multiplayer!","runtime":"go"}
{"level":"info","ts":"2024-08-08T22:49:36.777Z","caller":"graven-server/main.go:49","msg":"Module loaded in 10ms","runtime":"go"}
{"level":"info","ts":"2024-08-08T22:49:36.778Z","caller":"server/runtime_go.go:2818","msg":"Go runtime modules loaded"}
{"level":"info","ts":"2024-08-08T22:49:36.778Z","caller":"server/runtime_lua.go:116","msg":"Initialising Lua runtime provider","path":"data/modules"}
{"level":"info","ts":"2024-08-08T22:49:36.778Z","caller":"server/runtime_lua.go:1255","msg":"Lua runtime modules loaded"}
{"level":"info","ts":"2024-08-08T22:49:36.778Z","caller":"server/runtime_lua.go:1258","msg":"Allocating minimum Lua runtime pool","count":16}
{"level":"info","ts":"2024-08-08T22:49:36.778Z","caller":"server/runtime_lua.go:1266","msg":"Allocated minimum Lua runtime pool"}
{"level":"info","ts":"2024-08-08T22:49:36.779Z","caller":"server/runtime_javascript.go:636","msg":"Initialising JavaScript runtime provider","path":"data/modules","entrypoint":""}
{"level":"info","ts":"2024-08-08T22:49:36.779Z","caller":"server/runtime_javascript.go:1738","msg":"JavaScript runtime modules loaded"}
{"level":"info","ts":"2024-08-08T22:49:36.779Z","caller":"server/runtime_javascript.go:1741","msg":"Allocating minimum JavaScript runtime pool","count":16}
{"level":"info","ts":"2024-08-08T22:49:36.780Z","caller":"server/runtime_javascript.go:1749","msg":"Allocated minimum JavaScript runtime pool"}
{"level":"info","ts":"2024-08-08T22:49:36.780Z","caller":"server/runtime.go:682","msg":"Found runtime modules","count":1,"modules":["backend.so"]}
{"level":"info","ts":"2024-08-08T22:49:36.780Z","caller":"server/runtime.go:713","msg":"Registered Go runtime RPC function invocation","id":"healthcheck"}
{"level":"info","ts":"2024-08-08T22:49:36.780Z","caller":"server/runtime.go:713","msg":"Registered Go runtime RPC function invocation","id":"create_standard_match"}
{"level":"info","ts":"2024-08-08T22:49:36.780Z","caller":"server/runtime.go:2666","msg":"Registered Go runtime Match creation function invocation","name":"standard_match"}
{"level":"info","ts":"2024-08-08T22:49:36.781Z","caller":"server/leaderboard_scheduler.go:109","msg":"Leaderboard scheduler start"}
{"level":"info","ts":"2024-08-08T22:49:36.781Z","caller":"server/leaderboard_scheduler.go:304","msg":"Leaderboard scheduler update","end_active":"-1ns","end_active_count":0,"expiry":"-1ns","expiry_count":0}
{"level":"info","ts":"2024-08-08T22:49:36.782Z","caller":"server/api.go:151","msg":"Starting API server for gRPC requests","port":7349}
{"level":"info","ts":"2024-08-08T22:49:36.783Z","caller":"server/api.go:303","msg":"Starting API server gateway for HTTP requests","port":7350}
{"level":"info","ts":"2024-08-08T22:49:36.784Z","caller":"server/console.go:220","msg":"Starting Console server for gRPC requests","port":7348}
{"level":"info","ts":"2024-08-08T22:49:36.784Z","caller":"server/console.go:324","msg":"Starting Console server gateway for HTTP requests","port":7351}
{"level":"info","ts":"2024-08-08T22:49:36.958Z","caller":"main.go:236","msg":"Startup done"}
{"level":"info","ts":"2024-08-08T22:49:48.048Z","caller":"server/session_ws.go:81","msg":"New WebSocket session connected","uid":"643ef607-b089-4336-bd14-bcd9c30373d6","sid":"83928271-55d8-11ef-9add-e0ff436be194","format":0}
{"level":"info","ts":"2024-08-08T22:49:48.071Z","caller":"server/match_handler.go:204","msg":"Match started","mid":"3d16b0bf-3d7c-414f-bbb3-b937a9f9afd2"}
{"level":"warn","ts":"2024-08-08T22:49:48.081Z","caller":"match/handler.go:79","msg":"HI!","mid":"3d16b0bf-3d7c-414f-bbb3-b937a9f9afd2","runtime":"go","source":"github.com/werydude/graven-server/internal/match/handler.go:79"}
{"level":"info","ts":"2024-08-08T22:49:49.071Z","caller":"match/handler.go:117","msg":"Presence 643ef607-b089-4336-bd14-bcd9c30373d6 named testerson","mid":"3d16b0bf-3d7c-414f-bbb3-b937a9f9afd2","runtime":"go"}
{"level":"info","ts":"2024-08-08T22:49:50.072Z","caller":"match/handler.go:117","msg":"Presence 643ef607-b089-4336-bd14-bcd9c30373d6 named testerson","mid":"3d16b0bf-3d7c-414f-bbb3-b937a9f9afd2","runtime":"go"}
{"level":"info","ts":"2024-08-08T22:49:51.072Z","caller":"match/handler.go:117","msg":"Presence 643ef607-b089-4336-bd14-bcd9c30373d6 named testerson","mid":"3d16b0bf-3d7c-414f-bbb3-b937a9f9afd2","runtime":"go"}
{"level":"info","ts":"2024-08-08T22:49:52.072Z","caller":"match/handler.go:117","msg":"Presence 643ef607-b089-4336-bd14-bcd9c30373d6 named testerson","mid":"3d16b0bf-3d7c-414f-bbb3-b937a9f9afd2","runtime":"go"}
{"level":"info","ts":"2024-08-08T22:49:53.072Z","caller":"match/handler.go:117","msg":"Presence 643ef607-b089-4336-bd14-bcd9c30373d6 named testerson","mid":"3d16b0bf-3d7c-414f-bbb3-b937a9f9afd2","runtime":"go"}
{"level":"info","ts":"2024-08-08T22:49:54.071Z","caller":"match/handler.go:117","msg":"Presence 643ef607-b089-4336-bd14-bcd9c30373d6 named testerson","mid":"3d16b0bf-3d7c-414f-bbb3-b937a9f9afd2","runtime":"go"}
{"level":"info","ts":"2024-08-08T22:49:55.072Z","caller":"match/handler.go:117","msg":"Presence 643ef607-b089-4336-bd14-bcd9c30373d6 named testerson","mid":"3d16b0bf-3d7c-414f-bbb3-b937a9f9afd2","runtime":"go"}
{"level":"info","ts":"2024-08-08T22:49:56.072Z","caller":"match/handler.go:117","msg":"Presence 643ef607-b089-4336-bd14-bcd9c30373d6 named testerson","mid":"3d16b0bf-3d7c-414f-bbb3-b937a9f9afd2","runtime":"go"}
{"level":"info","ts":"2024-08-08T22:49:57.071Z","caller":"match/handler.go:117","msg":"Presence 643ef607-b089-4336-bd14-bcd9c30373d6 named testerson","mid":"3d16b0bf-3d7c-414f-bbb3-b937a9f9afd2","runtime":"go"}
{"level":"info","ts":"2024-08-08T22:49:58.072Z","caller":"match/handler.go:117","msg":"Presence 643ef607-b089-4336-bd14-bcd9c30373d6 named testerson","mid":"3d16b0bf-3d7c-414f-bbb3-b937a9f9afd2","runtime":"go"}
{"level":"info","ts":"2024-08-08T22:49:59.072Z","caller":"match/handler.go:117","msg":"Presence 643ef607-b089-4336-bd14-bcd9c30373d6 named testerson","mid":"3d16b0bf-3d7c-414f-bbb3-b937a9f9afd2","runtime":"go"}
{"level":"info","ts":"2024-08-08T22:50:00.071Z","caller":"match/handler.go:117","msg":"Presence 643ef607-b089-4336-bd14-bcd9c30373d6 named testerson","mid":"3d16b0bf-3d7c-414f-bbb3-b937a9f9afd2","runtime":"go"}
{"level":"info","ts":"2024-08-08T22:50:01.072Z","caller":"match/handler.go:117","msg":"Presence 643ef607-b089-4336-bd14-bcd9c30373d6 named testerson","mid":"3d16b0bf-3d7c-414f-bbb3-b937a9f9afd2","runtime":"go"}
{"level":"info","ts":"2024-08-08T22:50:02.071Z","caller":"match/handler.go:117","msg":"Presence 643ef607-b089-4336-bd14-bcd9c30373d6 named testerson","mid":"3d16b0bf-3d7c-414f-bbb3-b937a9f9afd2","runtime":"go"}
{"level":"info","ts":"2024-08-08T22:50:03.071Z","caller":"match/handler.go:117","msg":"Presence 643ef607-b089-4336-bd14-bcd9c30373d6 named testerson","mid":"3d16b0bf-3d7c-414f-bbb3-b937a9f9afd2","runtime":"go"}
{"level":"info","ts":"2024-08-08T22:50:04.071Z","caller":"match/handler.go:117","msg":"Presence 643ef607-b089-4336-bd14-bcd9c30373d6 named testerson","mid":"3d16b0bf-3d7c-414f-bbb3-b937a9f9afd2","runtime":"go"}
{"level":"info","ts":"2024-08-08T22:50:05.072Z","caller":"match/handler.go:117","msg":"Presence 643ef607-b089-4336-bd14-bcd9c30373d6 named testerson","mid":"3d16b0bf-3d7c-414f-bbb3-b937a9f9afd2","runtime":"go"}
{"level":"info","ts":"2024-08-08T22:50:06.072Z","caller":"match/handler.go:117","msg":"Presence 643ef607-b089-4336-bd14-bcd9c30373d6 named testerson","mid":"3d16b0bf-3d7c-414f-bbb3-b937a9f9afd2","runtime":"go"}
{"level":"info","ts":"2024-08-08T22:50:07.072Z","caller":"match/handler.go:117","msg":"Presence 643ef607-b089-4336-bd14-bcd9c30373d6 named testerson","mid":"3d16b0bf-3d7c-414f-bbb3-b937a9f9afd2","runtime":"go"}
{"level":"info","ts":"2024-08-08T22:50:08.071Z","caller":"match/handler.go:117","msg":"Presence 643ef607-b089-4336-bd14-bcd9c30373d6 named testerson","mid":"3d16b0bf-3d7c-414f-bbb3-b937a9f9afd2","runtime":"go"}
{"level":"info","ts":"2024-08-08T22:50:09.071Z","caller":"match/handler.go:117","msg":"Presence 643ef607-b089-4336-bd14-bcd9c30373d6 named testerson","mid":"3d16b0bf-3d7c-414f-bbb3-b937a9f9afd2","runtime":"go"}
{"level":"info","ts":"2024-08-08T22:50:10.072Z","caller":"match/handler.go:117","msg":"Presence 643ef607-b089-4336-bd14-bcd9c30373d6 named testerson","mid":"3d16b0bf-3d7c-414f-bbb3-b937a9f9afd2","runtime":"go"}
{"level":"info","ts":"2024-08-08T22:50:11.071Z","caller":"match/handler.go:117","msg":"Presence 643ef607-b089-4336-bd14-bcd9c30373d6 named testerson","mid":"3d16b0bf-3d7c-414f-bbb3-b937a9f9afd2","runtime":"go"}
{"level":"info","ts":"2024-08-08T22:50:12.071Z","caller":"match/handler.go:117","msg":"Presence 643ef607-b089-4336-bd14-bcd9c30373d6 named testerson","mid":"3d16b0bf-3d7c-414f-bbb3-b937a9f9afd2","runtime":"go"}
{"level":"info","ts":"2024-08-08T22:50:13.072Z","caller":"match/handler.go:117","msg":"Presence 643ef607-b089-4336-bd14-bcd9c30373d6 named testerson","mid":"3d16b0bf-3d7c-414f-bbb3-b937a9f9afd2","runtime":"go"}
{"level":"info","ts":"2024-08-08T22:50:14.069Z","caller":"match/handler.go:117","msg":"Presence 643ef607-b089-4336-bd14-bcd9c30373d6 named testerson","mid":"3d16b0bf-3d7c-414f-bbb3-b937a9f9afd2","runtime":"go"}
{"level":"info","ts":"2024-08-08T22:50:15.069Z","caller":"match/handler.go:117","msg":"Presence 643ef607-b089-4336-bd14-bcd9c30373d6 named testerson","mid":"3d16b0bf-3d7c-414f-bbb3-b937a9f9afd2","runtime":"go"}
{"level":"info","ts":"2024-08-08T22:50:16.069Z","caller":"match/handler.go:117","msg":"Presence 643ef607-b089-4336-bd14-bcd9c30373d6 named testerson","mid":"3d16b0bf-3d7c-414f-bbb3-b937a9f9afd2","runtime":"go"}
{"level":"info","ts":"2024-08-08T22:50:17.069Z","caller":"match/handler.go:117","msg":"Presence 643ef607-b089-4336-bd14-bcd9c30373d6 named testerson","mid":"3d16b0bf-3d7c-414f-bbb3-b937a9f9afd2","runtime":"go"}
{"level":"info","ts":"2024-08-08T22:50:18.070Z","caller":"match/handler.go:117","msg":"Presence 643ef607-b089-4336-bd14-bcd9c30373d6 named testerson","mid":"3d16b0bf-3d7c-414f-bbb3-b937a9f9afd2","runtime":"go"}
{"level":"info","ts":"2024-08-08T22:50:19.069Z","caller":"match/handler.go:117","msg":"Presence 643ef607-b089-4336-bd14-bcd9c30373d6 named testerson","mid":"3d16b0bf-3d7c-414f-bbb3-b937a9f9afd2","runtime":"go"}
{"level":"info","ts":"2024-08-08T22:50:20.069Z","caller":"match/handler.go:117","msg":"Presence 643ef607-b089-4336-bd14-bcd9c30373d6 named testerson","mid":"3d16b0bf-3d7c-414f-bbb3-b937a9f9afd2","runtime":"go"}
{"level":"info","ts":"2024-08-08T22:50:21.070Z","caller":"match/handler.go:117","msg":"Presence 643ef607-b089-4336-bd14-bcd9c30373d6 named testerson","mid":"3d16b0bf-3d7c-414f-bbb3-b937a9f9afd2","runtime":"go"}
{"level":"info","ts":"2024-08-08T22:50:22.069Z","caller":"match/handler.go:117","msg":"Presence 643ef607-b089-4336-bd14-bcd9c30373d6 named testerson","mid":"3d16b0bf-3d7c-414f-bbb3-b937a9f9afd2","runtime":"go"}
{"level":"info","ts":"2024-08-08T22:50:23.070Z","caller":"match/handler.go:117","msg":"Presence 643ef607-b089-4336-bd14-bcd9c30373d6 named testerson","mid":"3d16b0bf-3d7c-414f-bbb3-b937a9f9afd2","runtime":"go"}
{"level":"info","ts":"2024-08-08T22:50:24.070Z","caller":"match/handler.go:117","msg":"Presence 643ef607-b089-4336-bd14-bcd9c30373d6 named testerson","mid":"3d16b0bf-3d7c-414f-bbb3-b937a9f9afd2","runtime":"go"}
{"level":"info","ts":"2024-08-08T22:50:25.070Z","caller":"match/handler.go:117","msg":"Presence 643ef607-b089-4336-bd14-bcd9c30373d6 named testerson","mid":"3d16b0bf-3d7c-414f-bbb3-b937a9f9afd2","runtime":"go"}
{"level":"info","ts":"2024-08-08T22:50:26.069Z","caller":"match/handler.go:117","msg":"Presence 643ef607-b089-4336-bd14-bcd9c30373d6 named testerson","mid":"3d16b0bf-3d7c-414f-bbb3-b937a9f9afd2","runtime":"go"}
{"level":"info","ts":"2024-08-08T22:50:27.069Z","caller":"match/handler.go:117","msg":"Presence 643ef607-b089-4336-bd14-bcd9c30373d6 named testerson","mid":"3d16b0bf-3d7c-414f-bbb3-b937a9f9afd2","runtime":"go"}
{"level":"info","ts":"2024-08-08T22:50:27.756Z","caller":"server/shutdown.go:50","msg":"Shutdown started"}
{"level":"info","ts":"2024-08-08T22:50:27.756Z","caller":"server/shutdown.go:58","msg":"All authoritative matches stopped"}
{"level":"info","ts":"2024-08-08T22:50:27.758Z","caller":"main.go:259","msg":"Shutdown complete"}
{"level":"warn","ts":"2024-08-08T22:50:28.512Z","caller":"server/config.go:331","msg":"WARNING: insecure default parameter value, change this for production!","param":"console.signing_key"}
{"level":"warn","ts":"2024-08-08T22:50:28.512Z","caller":"server/config.go:339","msg":"WARNING: insecure default parameter value, change this for production!","param":"session.encryption_key"}
{"level":"warn","ts":"2024-08-08T22:50:28.512Z","caller":"server/config.go:343","msg":"WARNING: insecure default parameter value, change this for production!","param":"session.refresh_encryption_key"}
{"level":"warn","ts":"2024-08-08T22:50:28.513Z","caller":"server/config.go:347","msg":"WARNING: insecure default parameter value, change this for production!","param":"runtime.http_key"}
{"level":"warn","ts":"2024-08-08T22:50:36.633Z","caller":"match/handler.go:79","msg":"HI!","mid":"7be4bc73-ec09-4f06-ae9e-d57f1d9f244e","runtime":"go","source":"github.com/werydude/graven-server/internal/match/handler.go:79"}
{"level":"warn","ts":"2024-08-08T22:52:08.634Z","caller":"server/config.go:331","msg":"WARNING: insecure default parameter value, change this for production!","param":"console.signing_key"}
{"level":"warn","ts":"2024-08-08T22:52:08.635Z","caller":"server/config.go:339","msg":"WARNING: insecure default parameter value, change this for production!","param":"session.encryption_key"}
{"level":"warn","ts":"2024-08-08T22:52:08.635Z","caller":"server/config.go:343","msg":"WARNING: insecure default parameter value, change this for production!","param":"session.refresh_encryption_key"}
{"level":"warn","ts":"2024-08-08T22:52:08.635Z","caller":"server/config.go:347","msg":"WARNING: insecure default parameter value, change this for production!","param":"runtime.http_key"}
{"level":"warn","ts":"2024-08-08T22:52:18.925Z","caller":"match/handler.go:79","msg":"[                               ]","mid":"a4b53686-cd1a-434b-9ca3-b022add49ab1","runtime":"go","source":"github.com/werydude/graven-server/internal/match/handler.go:79"}
{"level":"warn","ts":"2024-08-08T22:53:27.482Z","caller":"server/config.go:331","msg":"WARNING: insecure default parameter value, change this for production!","param":"console.signing_key"}
{"level":"warn","ts":"2024-08-08T22:53:27.482Z","caller":"server/config.go:339","msg":"WARNING: insecure default parameter value, change this for production!","param":"session.encryption_key"}
{"level":"warn","ts":"2024-08-08T22:53:27.482Z","caller":"server/config.go:343","msg":"WARNING: insecure default parameter value, change this for production!","param":"session.refresh_encryption_key"}
{"level":"warn","ts":"2024-08-08T22:53:27.482Z","caller":"server/config.go:347","msg":"WARNING: insecure default parameter value, change this for production!","param":"runtime.http_key"}
{"level":"warn","ts":"2024-08-08T22:53:33.463Z","caller":"server/config.go:331","msg":"WARNING: insecure default parameter value, change this for production!","param":"console.signing_key"}
{"level":"warn","ts":"2024-08-08T22:53:33.463Z","caller":"server/config.go:339","msg":"WARNING: insecure default parameter value, change this for production!","param":"session.encryption_key"}
{"level":"warn","ts":"2024-08-08T22:53:33.464Z","caller":"server/config.go:343","msg":"WARNING: insecure default parameter value, change this for production!","param":"session.refresh_encryption_key"}
{"level":"warn","ts":"2024-08-08T22:53:33.464Z","caller":"server/config.go:347","msg":"WARNING: insecure default parameter value, change this for production!","param":"runtime.http_key"}
{"level":"warn","ts":"2024-08-08T22:53:37.864Z","caller":"match/handler.go:79","msg":"[                               ]","mid":"70a06eba-2aba-4661-9ca3-e0625dee5235","runtime":"go","source":"github.com/werydude/graven-server/internal/match/handler.go:79"}
{"level":"warn","ts":"2024-08-08T22:56:06.357Z","caller":"server/config.go:331","msg":"WARNING: insecure default parameter value, change this for production!","param":"console.signing_key"}
{"level":"warn","ts":"2024-08-08T22:56:06.357Z","caller":"server/config.go:339","msg":"WARNING: insecure default parameter value, change this for production!","param":"session.encryption_key"}
{"level":"warn","ts":"2024-08-08T22:56:06.357Z","caller":"server/config.go:343","msg":"WARNING: insecure default parameter value, change this for production!","param":"session.refresh_encryption_key"}
{"level":"warn","ts":"2024-08-08T22:56:06.357Z","caller":"server/config.go:347","msg":"WARNING: insecure default parameter value, change this for production!","param":"runtime.http_key"}
{"level":"warn","ts":"2024-08-08T22:56:16.783Z","caller":"cards/deck.go:42","msg":"2","mid":"9a52f96c-6c69-47e5-8cf1-f177ae5f7d63","runtime":"go","source":"github.com/werydude/graven-server/internal/cards/deck.go:42"}
{"level":"warn","ts":"2024-08-08T22:56:16.783Z","caller":"cards/deck.go:42","msg":"6","mid":"9a52f96c-6c69-47e5-8cf1-f177ae5f7d63","runtime":"go","source":"github.com/werydude/graven-server/internal/cards/deck.go:42"}
{"level":"warn","ts":"2024-08-08T22:56:16.783Z","caller":"cards/deck.go:42","msg":"13","mid":"9a52f96c-6c69-47e5-8cf1-f177ae5f7d63","runtime":"go","source":"github.com/werydude/graven-server/internal/cards/deck.go:42"}
{"level":"warn","ts":"2024-08-08T22:56:16.783Z","caller":"cards/deck.go:42","msg":"16","mid":"9a52f96c-6c69-47e5-8cf1-f177ae5f7d63","runtime":"go","source":"github.com/werydude/graven-server/internal/cards/deck.go:42"}
{"level":"warn","ts":"2024-08-08T22:56:16.783Z","caller":"cards/deck.go:42","msg":"","mid":"9a52f96c-6c69-47e5-8cf1-f177ae5f7d63","runtime":"go","source":"github.com/werydude/graven-server/internal/cards/deck.go:42"}
{"level":"warn","ts":"2024-08-08T22:56:16.783Z","caller":"cards/deck.go:42","msg":"","mid":"9a52f96c-6c69-47e5-8cf1-f177ae5f7d63","runtime":"go","source":"github.com/werydude/graven-server/internal/cards/deck.go:42"}
{"level":"warn","ts":"2024-08-08T22:56:16.784Z","caller":"cards/deck.go:42","msg":"","mid":"9a52f96c-6c69-47e5-8cf1-f177ae5f7d63","runtime":"go","source":"github.com/werydude/graven-server/internal/cards/deck.go:42"}
{"level":"warn","ts":"2024-08-08T22:56:16.784Z","caller":"cards/deck.go:42","msg":"51","mid":"9a52f96c-6c69-47e5-8cf1-f177ae5f7d63","runtime":"go","source":"github.com/werydude/graven-server/internal/cards/deck.go:42"}
{"level":"warn","ts":"2024-08-08T22:56:16.784Z","caller":"cards/deck.go:42","msg":"69","mid":"9a52f96c-6c69-47e5-8cf1-f177ae5f7d63","runtime":"go","source":"github.com/werydude/graven-server/internal/cards/deck.go:42"}
{"level":"warn","ts":"2024-08-08T22:56:16.784Z","caller":"cards/deck.go:42","msg":"78","mid":"9a52f96c-6c69-47e5-8cf1-f177ae5f7d63","runtime":"go","source":"github.com/werydude/graven-server/internal/cards/deck.go:42"}
{"level":"warn","ts":"2024-08-08T22:56:16.784Z","caller":"cards/deck.go:42","msg":"54","mid":"9a52f96c-6c69-47e5-8cf1-f177ae5f7d63","runtime":"go","source":"github.com/werydude/graven-server/internal/cards/deck.go:42"}
{"level":"warn","ts":"2024-08-08T22:56:16.785Z","caller":"cards/deck.go:42","msg":"88","mid":"9a52f96c-6c69-47e5-8cf1-f177ae5f7d63","runtime":"go","source":"github.com/werydude/graven-server/internal/cards/deck.go:42"}
{"level":"warn","ts":"2024-08-08T22:56:16.785Z","caller":"cards/deck.go:42","msg":"28","mid":"9a52f96c-6c69-47e5-8cf1-f177ae5f7d63","runtime":"go","source":"github.com/werydude/graven-server/internal/cards/deck.go:42"}
{"level":"warn","ts":"2024-08-08T22:56:16.785Z","caller":"cards/deck.go:42","msg":"37","mid":"9a52f96c-6c69-47e5-8cf1-f177ae5f7d63","runtime":"go","source":"github.com/werydude/graven-server/internal/cards/deck.go:42"}
{"level":"warn","ts":"2024-08-08T22:56:16.785Z","caller":"match/handler.go:79","msg":"[                               ]","mid":"9a52f96c-6c69-47e5-8cf1-f177ae5f7d63","runtime":"go","source":"github.com/werydude/graven-server/internal/match/handler.go:79"}
{"level":"warn","ts":"2024-08-08T23:00:04.140Z","caller":"server/config.go:331","msg":"WARNING: insecure default parameter value, change this for production!","param":"console.signing_key"}
{"level":"warn","ts":"2024-08-08T23:00:04.140Z","caller":"server/config.go:339","msg":"WARNING: insecure default parameter value, change this for production!","param":"session.encryption_key"}
{"level":"warn","ts":"2024-08-08T23:00:04.140Z","caller":"server/config.go:343","msg":"WARNING: insecure default parameter value, change this for production!","param":"session.refresh_encryption_key"}
{"level":"warn","ts":"2024-08-08T23:00:04.141Z","caller":"server/config.go:347","msg":"WARNING: insecure default parameter value, change this for production!","param":"runtime.http_key"}
{"level":"warn","ts":"2024-08-08T23:00:12.378Z","caller":"cards/deck.go:44","msg":"2","mid":"c7aa6860-4637-4aa6-8024-edbee3e37831","runtime":"go","source":"github.com/werydude/graven-server/internal/cards/deck.go:44"}
{"level":"warn","ts":"2024-08-08T23:00:12.378Z","caller":"cards/deck.go:44","msg":"6","mid":"c7aa6860-4637-4aa6-8024-edbee3e37831","runtime":"go","source":"github.com/werydude/graven-server/internal/cards/deck.go:44"}
{"level":"warn","ts":"2024-08-08T23:00:12.378Z","caller":"cards/deck.go:44","msg":"13","mid":"c7aa6860-4637-4aa6-8024-edbee3e37831","runtime":"go","source":"github.com/werydude/graven-server/internal/cards/deck.go:44"}
{"level":"warn","ts":"2024-08-08T23:00:12.378Z","caller":"cards/deck.go:44","msg":"16","mid":"c7aa6860-4637-4aa6-8024-edbee3e37831","runtime":"go","source":"github.com/werydude/graven-server/internal/cards/deck.go:44"}
{"level":"warn","ts":"2024-08-08T23:00:12.378Z","caller":"cards/deck.go:44","msg":"51","mid":"c7aa6860-4637-4aa6-8024-edbee3e37831","runtime":"go","source":"github.com/werydude/graven-server/internal/cards/deck.go:44"}
{"level":"warn","ts":"2024-08-08T23:00:12.379Z","caller":"cards/deck.go:44","msg":"69","mid":"c7aa6860-4637-4aa6-8024-edbee3e37831","runtime":"go","source":"github.com/werydude/graven-server/internal/cards/deck.go:44"}
{"level":"warn","ts":"2024-08-08T23:00:12.379Z","caller":"cards/deck.go:44","msg":"78","mid":"c7aa6860-4637-4aa6-8024-edbee3e37831","runtime":"go","source":"github.com/werydude/graven-server/internal/cards/deck.go:44"}
{"level":"warn","ts":"2024-08-08T23:00:12.379Z","caller":"cards/deck.go:44","msg":"54","mid":"c7aa6860-4637-4aa6-8024-edbee3e37831","runtime":"go","source":"github.com/werydude/graven-server/internal/cards/deck.go:44"}
{"level":"warn","ts":"2024-08-08T23:00:12.379Z","caller":"cards/deck.go:44","msg":"88","mid":"c7aa6860-4637-4aa6-8024-edbee3e37831","runtime":"go","source":"github.com/werydude/graven-server/internal/cards/deck.go:44"}
{"level":"warn","ts":"2024-08-08T23:00:12.379Z","caller":"cards/deck.go:44","msg":"28","mid":"c7aa6860-4637-4aa6-8024-edbee3e37831","runtime":"go","source":"github.com/werydude/graven-server/internal/cards/deck.go:44"}
{"level":"warn","ts":"2024-08-08T23:00:12.380Z","caller":"cards/deck.go:44","msg":"37","mid":"c7aa6860-4637-4aa6-8024-edbee3e37831","runtime":"go","source":"github.com/werydude/graven-server/internal/cards/deck.go:44"}
{"level":"warn","ts":"2024-08-08T23:00:12.380Z","caller":"match/handler.go:79","msg":"[                               ]","mid":"c7aa6860-4637-4aa6-8024-edbee3e37831","runtime":"go","source":"github.com/werydude/graven-server/internal/match/handler.go:79"}
{"level":"warn","ts":"2024-08-08T23:00:44.036Z","caller":"server/config.go:331","msg":"WARNING: insecure default parameter value, change this for production!","param":"console.signing_key"}
{"level":"warn","ts":"2024-08-08T23:00:44.036Z","caller":"server/config.go:339","msg":"WARNING: insecure default parameter value, change this for production!","param":"session.encryption_key"}
{"level":"warn","ts":"2024-08-08T23:00:44.036Z","caller":"server/config.go:343","msg":"WARNING: insecure default parameter value, change this for production!","param":"session.refresh_encryption_key"}
{"level":"warn","ts":"2024-08-08T23:00:44.036Z","caller":"server/config.go:347","msg":"WARNING: insecure default parameter value, change this for production!","param":"runtime.http_key"}
{"level":"warn","ts":"2024-08-08T23:00:52.297Z","caller":"cards/deck.go:44","msg":"2","mid":"8aa5e278-368a-40d7-8797-04563c60cb57","runtime":"go","source":"github.com/werydude/graven-server/internal/cards/deck.go:44"}
{"level":"warn","ts":"2024-08-08T23:00:52.297Z","caller":"cards/deck.go:44","msg":"6","mid":"8aa5e278-368a-40d7-8797-04563c60cb57","runtime":"go","source":"github.com/werydude/graven-server/internal/cards/deck.go:44"}
{"level":"warn","ts":"2024-08-08T23:00:52.297Z","caller":"cards/deck.go:44","msg":"13","mid":"8aa5e278-368a-40d7-8797-04563c60cb57","runtime":"go","source":"github.com/werydude/graven-server/internal/cards/deck.go:44"}
{"level":"warn","ts":"2024-08-08T23:00:52.298Z","caller":"cards/deck.go:44","msg":"16","mid":"8aa5e278-368a-40d7-8797-04563c60cb57","runtime":"go","source":"github.com/werydude/graven-server/internal/cards/deck.go:44"}
{"level":"warn","ts":"2024-08-08T23:00:52.298Z","caller":"cards/deck.go:44","msg":"51","mid":"8aa5e278-368a-40d7-8797-04563c60cb57","runtime":"go","source":"github.com/werydude/graven-server/internal/cards/deck.go:44"}
{"level":"warn","ts":"2024-08-08T23:00:52.298Z","caller":"cards/deck.go:44","msg":"69","mid":"8aa5e278-368a-40d7-8797-04563c60cb57","runtime":"go","source":"github.com/werydude/graven-server/internal/cards/deck.go:44"}
{"level":"warn","ts":"2024-08-08T23:00:52.298Z","caller":"cards/deck.go:44","msg":"78","mid":"8aa5e278-368a-40d7-8797-04563c60cb57","runtime":"go","source":"github.com/werydude/graven-server/internal/cards/deck.go:44"}
{"level":"warn","ts":"2024-08-08T23:00:52.299Z","caller":"cards/deck.go:44","msg":"54","mid":"8aa5e278-368a-40d7-8797-04563c60cb57","runtime":"go","source":"github.com/werydude/graven-server/internal/cards/deck.go:44"}
{"level":"warn","ts":"2024-08-08T23:00:52.299Z","caller":"cards/deck.go:44","msg":"88","mid":"8aa5e278-368a-40d7-8797-04563c60cb57","runtime":"go","source":"github.com/werydude/graven-server/internal/cards/deck.go:44"}
{"level":"warn","ts":"2024-08-08T23:00:52.299Z","caller":"cards/deck.go:44","msg":"28","mid":"8aa5e278-368a-40d7-8797-04563c60cb57","runtime":"go","source":"github.com/werydude/graven-server/internal/cards/deck.go:44"}
{"level":"warn","ts":"2024-08-08T23:00:52.299Z","caller":"cards/deck.go:44","msg":"37","mid":"8aa5e278-368a-40d7-8797-04563c60cb57","runtime":"go","source":"github.com/werydude/graven-server/internal/cards/deck.go:44"}
{"level":"warn","ts":"2024-08-08T23:00:52.299Z","caller":"cards/deck.go:53","msg":"[                                2 6 13 16 51 69 78 54 88 28 37]","mid":"8aa5e278-368a-40d7-8797-04563c60cb57","runtime":"go","source":"github.com/werydude/graven-server/internal/cards/deck.go:53"}
{"level":"warn","ts":"2024-08-08T23:00:52.300Z","caller":"match/handler.go:79","msg":"[                               ]","mid":"8aa5e278-368a-40d7-8797-04563c60cb57","runtime":"go","source":"github.com/werydude/graven-server/internal/match/handler.go:79"}
{"level":"warn","ts":"2024-08-08T23:08:30.103Z","caller":"server/config.go:331","msg":"WARNING: insecure default parameter value, change this for production!","param":"console.signing_key"}
{"level":"warn","ts":"2024-08-08T23:08:30.103Z","caller":"server/config.go:339","msg":"WARNING: insecure default parameter value, change this for production!","param":"session.encryption_key"}
{"level":"warn","ts":"2024-08-08T23:08:30.103Z","caller":"server/config.go:343","msg":"WARNING: insecure default parameter value, change this for production!","param":"session.refresh_encryption_key"}
{"level":"warn","ts":"2024-08-08T23:08:30.103Z","caller":"server/config.go:347","msg":"WARNING: insecure default parameter value, change this for production!","param":"runtime.http_key"}
{"level":"warn","ts":"2024-08-08T23:08:33.861Z","caller":"server/config.go:331","msg":"WARNING: insecure default parameter value, change this for production!","param":"console.signing_key"}
{"level":"warn","ts":"2024-08-08T23:08:33.861Z","caller":"server/config.go:339","msg":"WARNING: insecure default parameter value, change this for production!","param":"session.encryption_key"}
{"level":"warn","ts":"2024-08-08T23:08:33.861Z","caller":"server/config.go:343","msg":"WARNING: insecure default parameter value, change this for production!","param":"session.refresh_encryption_key"}
{"level":"warn","ts":"2024-08-08T23:08:33.861Z","caller":"server/config.go:347","msg":"WARNING: insecure default parameter value, change this for production!","param":"runtime.http_key"}
{"level":"warn","ts":"2024-08-08T23:08:43.069Z","caller":"cards/deck.go:45","msg":"2","mid":"f1be1629-c96b-4807-ae51-26ab3e9368fe","runtime":"go","source":"github.com/werydude/graven-server/internal/cards/deck.go:45"}
{"level":"warn","ts":"2024-08-08T23:08:43.069Z","caller":"cards/deck.go:45","msg":"6","mid":"f1be1629-c96b-4807-ae51-26ab3e9368fe","runtime":"go","source":"github.com/werydude/graven-server/internal/cards/deck.go:45"}
{"level":"warn","ts":"2024-08-08T23:08:43.069Z","caller":"cards/deck.go:45","msg":"13","mid":"f1be1629-c96b-4807-ae51-26ab3e9368fe","runtime":"go","source":"github.com/werydude/graven-server/internal/cards/deck.go:45"}
{"level":"warn","ts":"2024-08-08T23:08:43.069Z","caller":"cards/deck.go:45","msg":"16","mid":"f1be1629-c96b-4807-ae51-26ab3e9368fe","runtime":"go","source":"github.com/werydude/graven-server/internal/cards/deck.go:45"}
{"level":"warn","ts":"2024-08-08T23:08:43.070Z","caller":"cards/deck.go:45","msg":"51","mid":"f1be1629-c96b-4807-ae51-26ab3e9368fe","runtime":"go","source":"github.com/werydude/graven-server/internal/cards/deck.go:45"}
{"level":"warn","ts":"2024-08-08T23:08:43.070Z","caller":"cards/deck.go:45","msg":"69","mid":"f1be1629-c96b-4807-ae51-26ab3e9368fe","runtime":"go","source":"github.com/werydude/graven-server/internal/cards/deck.go:45"}
{"level":"warn","ts":"2024-08-08T23:08:43.070Z","caller":"cards/deck.go:45","msg":"78","mid":"f1be1629-c96b-4807-ae51-26ab3e9368fe","runtime":"go","source":"github.com/werydude/graven-server/internal/cards/deck.go:45"}
{"level":"warn","ts":"2024-08-08T23:08:43.070Z","caller":"cards/deck.go:45","msg":"54","mid":"f1be1629-c96b-4807-ae51-26ab3e9368fe","runtime":"go","source":"github.com/werydude/graven-server/internal/cards/deck.go:45"}
{"level":"warn","ts":"2024-08-08T23:08:43.070Z","caller":"cards/deck.go:45","msg":"88","mid":"f1be1629-c96b-4807-ae51-26ab3e9368fe","runtime":"go","source":"github.com/werydude/graven-server/internal/cards/deck.go:45"}
{"level":"warn","ts":"2024-08-08T23:08:43.071Z","caller":"cards/deck.go:45","msg":"28","mid":"f1be1629-c96b-4807-ae51-26ab3e9368fe","runtime":"go","source":"github.com/werydude/graven-server/internal/cards/deck.go:45"}
{"level":"warn","ts":"2024-08-08T23:08:43.071Z","caller":"cards/deck.go:45","msg":"37","mid":"f1be1629-c96b-4807-ae51-26ab3e9368fe","runtime":"go","source":"github.com/werydude/graven-server/internal/cards/deck.go:45"}
{"level":"warn","ts":"2024-08-08T23:08:43.071Z","caller":"cards/deck.go:54","msg":"[2 6 13 16 51 51 51 51 69 69 69 69 78 78 78 78 54 54 54 54 88 88 88 88 28 28 28 28 37 37 37 37]","mid":"f1be1629-c96b-4807-ae51-26ab3e9368fe","runtime":"go","source":"github.com/werydude/graven-server/internal/cards/deck.go:54"}
{"level":"warn","ts":"2024-08-08T23:08:43.071Z","caller":"match/handler.go:79","msg":"[                               ]","mid":"f1be1629-c96b-4807-ae51-26ab3e9368fe","runtime":"go","source":"github.com/werydude/graven-server/internal/match/handler.go:79"}
{"level":"warn","ts":"2024-08-08T23:10:12.719Z","caller":"server/config.go:331","msg":"WARNING: insecure default parameter value, change this for production!","param":"console.signing_key"}
{"level":"warn","ts":"2024-08-08T23:10:12.719Z","caller":"server/config.go:339","msg":"WARNING: insecure default parameter value, change this for production!","param":"session.encryption_key"}
{"level":"warn","ts":"2024-08-08T23:10:12.719Z","caller":"server/config.go:343","msg":"WARNING: insecure default parameter value, change this for production!","param":"session.refresh_encryption_key"}
{"level":"warn","ts":"2024-08-08T23:10:12.720Z","caller":"server/config.go:347","msg":"WARNING: insecure default parameter value, change this for production!","param":"runtime.http_key"}
{"level":"warn","ts":"2024-08-08T23:10:15.971Z","caller":"server/config.go:331","msg":"WARNING: insecure default parameter value, change this for production!","param":"console.signing_key"}
{"level":"warn","ts":"2024-08-08T23:10:15.971Z","caller":"server/config.go:339","msg":"WARNING: insecure default parameter value, change this for production!","param":"session.encryption_key"}
{"level":"warn","ts":"2024-08-08T23:10:15.971Z","caller":"server/config.go:343","msg":"WARNING: insecure default parameter value, change this for production!","param":"session.refresh_encryption_key"}
{"level":"warn","ts":"2024-08-08T23:10:15.972Z","caller":"server/config.go:347","msg":"WARNING: insecure default parameter value, change this for production!","param":"runtime.http_key"}
{"level":"warn","ts":"2024-08-08T23:10:20.486Z","caller":"cards/deck.go:45","msg":"2","mid":"cad25015-21d3-46dd-895a-15a5d7c4e286","runtime":"go","source":"github.com/werydude/graven-server/internal/cards/deck.go:45"}
{"level":"warn","ts":"2024-08-08T23:10:20.486Z","caller":"cards/deck.go:45","msg":"6","mid":"cad25015-21d3-46dd-895a-15a5d7c4e286","runtime":"go","source":"github.com/werydude/graven-server/internal/cards/deck.go:45"}
{"level":"warn","ts":"2024-08-08T23:10:20.486Z","caller":"cards/deck.go:45","msg":"13","mid":"cad25015-21d3-46dd-895a-15a5d7c4e286","runtime":"go","source":"github.com/werydude/graven-server/internal/cards/deck.go:45"}
{"level":"warn","ts":"2024-08-08T23:10:20.487Z","caller":"cards/deck.go:45","msg":"16","mid":"cad25015-21d3-46dd-895a-15a5d7c4e286","runtime":"go","source":"github.com/werydude/graven-server/internal/cards/deck.go:45"}
{"level":"warn","ts":"2024-08-08T23:10:20.487Z","caller":"cards/deck.go:45","msg":"51","mid":"cad25015-21d3-46dd-895a-15a5d7c4e286","runtime":"go","source":"github.com/werydude/graven-server/internal/cards/deck.go:45"}
{"level":"warn","ts":"2024-08-08T23:10:20.487Z","caller":"cards/deck.go:45","msg":"69","mid":"cad25015-21d3-46dd-895a-15a5d7c4e286","runtime":"go","source":"github.com/werydude/graven-server/internal/cards/deck.go:45"}
{"level":"warn","ts":"2024-08-08T23:10:20.487Z","caller":"cards/deck.go:45","msg":"78","mid":"cad25015-21d3-46dd-895a-15a5d7c4e286","runtime":"go","source":"github.com/werydude/graven-server/internal/cards/deck.go:45"}
{"level":"warn","ts":"2024-08-08T23:10:20.488Z","caller":"cards/deck.go:45","msg":"54","mid":"cad25015-21d3-46dd-895a-15a5d7c4e286","runtime":"go","source":"github.com/werydude/graven-server/internal/cards/deck.go:45"}
{"level":"warn","ts":"2024-08-08T23:10:20.488Z","caller":"cards/deck.go:45","msg":"88","mid":"cad25015-21d3-46dd-895a-15a5d7c4e286","runtime":"go","source":"github.com/werydude/graven-server/internal/cards/deck.go:45"}
{"level":"warn","ts":"2024-08-08T23:10:20.488Z","caller":"cards/deck.go:45","msg":"28","mid":"cad25015-21d3-46dd-895a-15a5d7c4e286","runtime":"go","source":"github.com/werydude/graven-server/internal/cards/deck.go:45"}
{"level":"warn","ts":"2024-08-08T23:10:20.488Z","caller":"cards/deck.go:45","msg":"37","mid":"cad25015-21d3-46dd-895a-15a5d7c4e286","runtime":"go","source":"github.com/werydude/graven-server/internal/cards/deck.go:45"}
{"level":"warn","ts":"2024-08-08T23:10:20.488Z","caller":"cards/deck.go:54","msg":"[2 6 13 16 51 51 51 51 69 69 69 69 78 78 78 78 54 54 54 54 88 88 88 88 28 28 28 28 37 37 37 37]","mid":"cad25015-21d3-46dd-895a-15a5d7c4e286","runtime":"go","source":"github.com/werydude/graven-server/internal/cards/deck.go:54"}
{"level":"warn","ts":"2024-08-08T23:10:20.488Z","caller":"match/handler.go:79","msg":"[]","mid":"cad25015-21d3-46dd-895a-15a5d7c4e286","runtime":"go","source":"github.com/werydude/graven-server/internal/match/handler.go:79"}
{"level":"warn","ts":"2024-08-08T23:12:09.521Z","caller":"server/config.go:331","msg":"WARNING: insecure default parameter value, change this for production!","param":"console.signing_key"}
{"level":"warn","ts":"2024-08-08T23:12:09.521Z","caller":"server/config.go:339","msg":"WARNING: insecure default parameter value, change this for production!","param":"session.encryption_key"}
{"level":"warn","ts":"2024-08-08T23:12:09.521Z","caller":"server/config.go:343","msg":"WARNING: insecure default parameter value, change this for production!","param":"session.refresh_encryption_key"}
{"level":"warn","ts":"2024-08-08T23:12:09.521Z","caller":"server/config.go:347","msg":"WARNING: insecure default parameter value, change this for production!","param":"runtime.http_key"}
{"level":"warn","ts":"2024-08-08T23:12:17.272Z","caller":"cards/deck.go:45","msg":"2","mid":"4455cdf5-07db-4dda-a99b-ae103c0830dd","runtime":"go","source":"github.com/werydude/graven-server/internal/cards/deck.go:45"}
{"level":"warn","ts":"2024-08-08T23:12:17.272Z","caller":"cards/deck.go:45","msg":"6","mid":"4455cdf5-07db-4dda-a99b-ae103c0830dd","runtime":"go","source":"github.com/werydude/graven-server/internal/cards/deck.go:45"}
{"level":"warn","ts":"2024-08-08T23:12:17.272Z","caller":"cards/deck.go:45","msg":"13","mid":"4455cdf5-07db-4dda-a99b-ae103c0830dd","runtime":"go","source":"github.com/werydude/graven-server/internal/cards/deck.go:45"}
{"level":"warn","ts":"2024-08-08T23:12:17.272Z","caller":"cards/deck.go:45","msg":"16","mid":"4455cdf5-07db-4dda-a99b-ae103c0830dd","runtime":"go","source":"github.com/werydude/graven-server/internal/cards/deck.go:45"}
{"level":"warn","ts":"2024-08-08T23:12:17.273Z","caller":"cards/deck.go:45","msg":"51","mid":"4455cdf5-07db-4dda-a99b-ae103c0830dd","runtime":"go","source":"github.com/werydude/graven-server/internal/cards/deck.go:45"}
{"level":"warn","ts":"2024-08-08T23:12:17.273Z","caller":"cards/deck.go:45","msg":"69","mid":"4455cdf5-07db-4dda-a99b-ae103c0830dd","runtime":"go","source":"github.com/werydude/graven-server/internal/cards/deck.go:45"}
{"level":"warn","ts":"2024-08-08T23:12:17.273Z","caller":"cards/deck.go:45","msg":"78","mid":"4455cdf5-07db-4dda-a99b-ae103c0830dd","runtime":"go","source":"github.com/werydude/graven-server/internal/cards/deck.go:45"}
{"level":"warn","ts":"2024-08-08T23:12:17.273Z","caller":"cards/deck.go:45","msg":"54","mid":"4455cdf5-07db-4dda-a99b-ae103c0830dd","runtime":"go","source":"github.com/werydude/graven-server/internal/cards/deck.go:45"}
{"level":"warn","ts":"2024-08-08T23:12:17.273Z","caller":"cards/deck.go:45","msg":"88","mid":"4455cdf5-07db-4dda-a99b-ae103c0830dd","runtime":"go","source":"github.com/werydude/graven-server/internal/cards/deck.go:45"}
{"level":"warn","ts":"2024-08-08T23:12:17.274Z","caller":"cards/deck.go:45","msg":"28","mid":"4455cdf5-07db-4dda-a99b-ae103c0830dd","runtime":"go","source":"github.com/werydude/graven-server/internal/cards/deck.go:45"}
{"level":"warn","ts":"2024-08-08T23:12:17.274Z","caller":"cards/deck.go:45","msg":"37","mid":"4455cdf5-07db-4dda-a99b-ae103c0830dd","runtime":"go","source":"github.com/werydude/graven-server/internal/cards/deck.go:45"}
{"level":"warn","ts":"2024-08-08T23:12:17.274Z","caller":"cards/deck.go:54","msg":"[2 6 13 16 51 51 51 51 69 69 69 69 78 78 78 78 54 54 54 54 88 88 88 88 28 28 28 28 37 37 37 37]","mid":"4455cdf5-07db-4dda-a99b-ae103c0830dd","runtime":"go","source":"github.com/werydude/graven-server/internal/cards/deck.go:54"}
{"level":"warn","ts":"2024-08-08T23:12:17.274Z","caller":"match/handler.go:35","msg":"{<nil> }","mid":"4455cdf5-07db-4dda-a99b-ae103c0830dd","runtime":"go","source":"github.com/werydude/graven-server/internal/match/handler.go:35"}
{"level":"warn","ts":"2024-08-08T23:12:17.274Z","caller":"match/handler.go:82","msg":"[]","mid":"4455cdf5-07db-4dda-a99b-ae103c0830dd","runtime":"go","source":"github.com/werydude/graven-server/internal/match/handler.go:82"}
